<?xml version="1.0" encoding="UTF-8"?>
<testsuite xmlns:xsi="http://www.w3.org/2001/XMLSchema-instance" xsi:noNamespaceSchemaLocation="https://maven.apache.org/surefire/maven-surefire-plugin/xsd/surefire-test-report-3.0.xsd" version="3.0" name="org.owasp.webwolf.mailbox.MailboxControllerTest" time="3.839" tests="3" errors="0" skipped="0" failures="0">
  <properties>
[...]
</properties>
  <testcase name="sendingMailShouldStoreIt" classname="org.owasp.webwolf.mailbox.MailboxControllerTest" time="0.211"/>
  <testcase name="userShouldBeAbleToReadOwnEmail" classname="org.owasp.webwolf.mailbox.MailboxControllerTest" time="0.461"/>
  <testcase name="differentUserShouldNotBeAbleToReadOwnEmail" classname="org.owasp.webwolf.mailbox.MailboxControllerTest" time="0.016"/>
</testsuite>